<?xml version="1.0" encoding="UTF-8"?>
<testng-results total="1" passed="1" failed="0" skipped="0">
  <reporter-output>
  </reporter-output>
  <suite started-at="2023-06-05T05:12:31Z" name="Default suite" finished-at="2023-06-05T05:12:43Z" duration-ms="11780">
    <groups>
    </groups>
    <test started-at="2023-06-05T05:12:31Z" name="Default test" finished-at="2023-06-05T05:12:43Z" duration-ms="11780">
      <class name="selenium.report.day7_1">
        <test-method signature="checkTitle()[pri:0, instance:selenium.report.day7_1@36060e]" started-at="2023-06-05T10:42:31Z" name="checkTitle" finished-at="2023-06-05T10:42:43Z" duration-ms="11766" status="PASS">
          <reporter-output>
          </reporter-output>
        </test-method> <!-- checkTitle -->
      </class> <!-- selenium.report.day7_1 -->
    </test> <!-- Default test -->
  </suite> <!-- Default suite -->
</testng-results>
